<?xml version="1.0" encoding="UTF-8"?>
<!-- Generated by org.testng.reporters.JUnitReportReporter -->
<testsuite skipped="0" hostname="DESKTOP-CVGVGU4" name="Test.JcrewSignInTest" tests="1" failures="0" timestamp="17 Jul 2017 01:35:14 GMT" time="9.763" errors="0">
  <testcase name="SignInTest" time="9.763" classname="Test.JcrewSignInTest"/>
</testsuite> <!-- Test.JcrewSignInTest -->
