<?xml version="1.0" encoding="UTF-8"?>
<!-- Generated by org.testng.reporters.JUnitReportReporter -->
<testsuite skipped="0" hostname="DESKTOP-CVGVGU4" name="Test.JcrewLogInTest" tests="1" failures="0" timestamp="17 Jul 2017 01:03:07 GMT" time="7.150" errors="0">
  <testcase name="LogInTest" time="7.150" classname="Test.JcrewLogInTest"/>
</testsuite> <!-- Test.JcrewLogInTest -->
