<?xml version="1.0" encoding="UTF-8"?>
<!-- Generated by org.testng.reporters.JUnitReportReporter -->
<testsuite skipped="0" hostname="DESKTOP-CVGVGU4" name="Test.PopupTest" tests="1" failures="0" timestamp="17 Jul 2017 00:28:46 GMT" time="8.391" errors="0">
  <testcase name="PopupSubmitTest" time="8.391" classname="Test.PopupTest"/>
</testsuite> <!-- Test.PopupTest -->
